[debug] [2018-10-16T08:31:06.940Z] ----------------------------------------------------------------------
[debug] [2018-10-16T08:31:06.944Z] Command:       C:\Users\Ked\AppData\Roaming\npm-cache\_npx\10992\node_modules\node\bin\node.exe C:\Users\Ked\Documents\Zenika\git\humeur-du-mois-2018\node_modules\firebase-tools\bin\firebase serve
[debug] [2018-10-16T08:31:06.945Z] CLI Version:   4.0.3
[debug] [2018-10-16T08:31:06.945Z] Platform:      win32
[debug] [2018-10-16T08:31:06.945Z] Node Version:  v6.11.5
[debug] [2018-10-16T08:31:06.946Z] Time:          Tue Oct 16 2018 10:31:06 GMT+0200 (Paris, Madrid (heure d’été))
[debug] [2018-10-16T08:31:06.946Z] ----------------------------------------------------------------------
[debug] 
[debug] [2018-10-16T08:31:07.002Z] > command requires scopes: ["email","openid","https://www.googleapis.com/auth/cloudplatformprojects.readonly","https://www.googleapis.com/auth/firebase","https://www.googleapis.com/auth/cloud-platform"]
[debug] [2018-10-16T08:31:07.003Z] > authorizing via signed-in user
[debug] [2018-10-16T08:31:07.008Z] > refreshing access token with scopes: ["email","https://www.googleapis.com/auth/cloud-platform","https://www.googleapis.com/auth/cloudplatformprojects.readonly","https://www.googleapis.com/auth/firebase","openid"]
[debug] [2018-10-16T08:31:07.009Z] >>> HTTP REQUEST POST https://www.googleapis.com/oauth2/v3/token  
 { refresh_token: '1/sjMfRK1QAiGs8ycjbjrD17JewHYNCxu5p4CNRZiH8rhG7VcfjPhp4gE3qXAsFmlh',
  client_id: '563584335869-fgrhgmd47bqnekij5i8b5pr03ho849e6.apps.googleusercontent.com',
  client_secret: 'j9iVZfS8kkCEFUPaAeJV0sAi',
  grant_type: 'refresh_token',
  scope: 'email https://www.googleapis.com/auth/cloud-platform https://www.googleapis.com/auth/cloudplatformprojects.readonly https://www.googleapis.com/auth/firebase openid' } 
 Tue Oct 16 2018 10:31:07 GMT+0200 (Paris, Madrid (heure d’été))
[debug] [2018-10-16T08:31:07.284Z] <<< HTTP RESPONSE 200
[debug] [2018-10-16T08:31:07.305Z] >>> HTTP REQUEST GET https://admin.firebase.com/v1/projects/humeur-du-mois-2018  
  
 Tue Oct 16 2018 10:31:07 GMT+0200 (Paris, Madrid (heure d’été))
[debug] [2018-10-16T08:31:07.949Z] <<< HTTP RESPONSE 200
[debug] [2018-10-16T08:31:07.949Z] >>> HTTP REQUEST GET https://admin.firebase.com/v1/database/humeur-du-mois-2018/tokens  
  
 Tue Oct 16 2018 10:31:07 GMT+0200 (Paris, Madrid (heure d’été))
[debug] [2018-10-16T08:31:08.453Z] <<< HTTP RESPONSE 200
[debug] [2018-10-16T08:31:08.454Z] >>> HTTP REQUEST GET https://cloudresourcemanager.googleapis.com/v1/projects/humeur-du-mois-2018  
  
 Tue Oct 16 2018 10:31:08 GMT+0200 (Paris, Madrid (heure d’été))
[debug] [2018-10-16T08:31:09.295Z] <<< HTTP RESPONSE 200
[info] 
[info] === Serving from 'C:\Users\Ked\Documents\Zenika\git\humeur-du-mois-2018'...
[info] 
[info] i  functions: Preparing to emulate functions.
[debug] [2018-10-16T08:31:16.514Z] Fetching environment
[debug] [2018-10-16T08:31:16.522Z] >>> HTTP REQUEST GET https://mobilesdk-pa.googleapis.com/v1/projects/613593816673:getServerAppConfig  
  
 Tue Oct 16 2018 10:31:16 GMT+0200 (Paris, Madrid (heure d’été))
[debug] [2018-10-16T08:31:16.524Z] >>> HTTP REQUEST GET https://mobilesdk-pa.googleapis.com/v1/projects/613593816673/clients/_:getWebAppConfig  
  
 Tue Oct 16 2018 10:31:16 GMT+0200 (Paris, Madrid (heure d’été))
[debug] [2018-10-16T08:31:16.775Z] <<< HTTP RESPONSE 200
[debug] [2018-10-16T08:31:16.775Z] Starting @google-cloud/functions-emulator
[debug] [2018-10-16T08:31:16.955Z] <<< HTTP RESPONSE 200
[info] i  hosting: Serving hosting files from: ui/dist
[info] +  hosting: Local server: http://localhost:5000

[debug] [2018-10-16T08:31:19.882Z] Parsing function triggers
[info] +  functions: exchangeToken: http://localhost:5001/humeur-du-mois-2018/us-central1/exchangeToken
[info] +  functions: getCampaign: http://localhost:5001/humeur-du-mois-2018/us-central1/getCampaign
[info] +  functions: computeStatistics: http://localhost:5001/humeur-du-mois-2018/us-central1/computeStatistics
[info] +  functions: castVote: http://localhost:5001/humeur-du-mois-2018/us-central1/castVote
